[qondri-html.vercel.app/index.html]
[backblue.gif]
[fade.gif]
[index.html]
[qondri-html.vercel.app/assets/images/favicons/apple-touch-icon.png]
[qondri-html.vercel.app/assets/images/favicons/favicon-32x32.png]
[qondri-html.vercel.app/assets/images/favicons/favicon-16x16.png]
[qondri-html.vercel.app/assets/images/favicons/site.webmanifest]
[qondri-html.vercel.app/assets/vendors/bootstrap/css/bootstrap.min.css]
[qondri-html.vercel.app/assets/vendors/animate/animate.min.css]
[qondri-html.vercel.app/assets/vendors/animate/custom-animate.css]
[qondri-html.vercel.app/assets/vendors/fontawesome/css/all.min.css]
[qondri-html.vercel.app/assets/vendors/jquery-magnific-popup/jquery.magnific-popup.css]
[qondri-html.vercel.app/assets/vendors/nouislider/nouislider.min.css]
[qondri-html.vercel.app/assets/vendors/nouislider/nouislider.pips.css]
[qondri-html.vercel.app/assets/vendors/odometer/odometer.min.css]
[qondri-html.vercel.app/assets/vendors/swiper/swiper.min.css]
[qondri-html.vercel.app/assets/vendors/qondri-icons/style.css]
[qondri-html.vercel.app/assets/vendors/tiny-slider/tiny-slider.min.css]
[qondri-html.vercel.app/assets/vendors/owl-carousel/owl.carousel.min.css]
[qondri-html.vercel.app/assets/vendors/owl-carousel/owl.theme.default.min.css]
[qondri-html.vercel.app/assets/vendors/bxslider/jquery.bxslider.css]
[qondri-html.vercel.app/assets/vendors/bootstrap-select/css/bootstrap-select.min.css]
[qondri-html.vercel.app/assets/vendors/vegas/vegas.min.css]
[qondri-html.vercel.app/assets/vendors/jquery-ui/jquery-ui.css]
[qondri-html.vercel.app/assets/vendors/timepicker/timePicker.css]
[qondri-html.vercel.app/assets/css/qondri.css]
[qondri-html.vercel.app/assets/css/qondri-responsive.css]
[qondri-html.vercel.app/assets/images/loader.png]
[qondri-html.vercel.app/index-2.html]
[qondri-html.vercel.app/assets/images/resources/logo-1.png]
[qondri-html.vercel.app/contact.html]
[qondri-html.vercel.app/index2.html]
[qondri-html.vercel.app/about.html]
[qondri-html.vercel.app/prices.html]
[qondri-html.vercel.app/gallery.html]
[qondri-html.vercel.app/services.html]
[qondri-html.vercel.app/dry-cleaning.html]
[qondri-html.vercel.app/steam-iron.html]
[qondri-html.vercel.app/laundry-service.html]
[qondri-html.vercel.app/stain-removal.html]
[qondri-html.vercel.app/curtains-wash.html]
[qondri-html.vercel.app/commercial-laundry.html]
[qondri-html.vercel.app/news.html]
[qondri-html.vercel.app/news-details.html]
[qondri-html.vercel.app/assets/images/backgrounds/main-slider-1-1.jpg]
[qondri-html.vercel.app/assets/images/backgrounds/main-slider-1-2.jpg]
[qondri-html.vercel.app/assets/images/shapes/welcome-one-foam-shape.png]
[qondri-html.vercel.app/assets/images/shapes/welcome-ond-shape-1.png]
[qondri-html.vercel.app/assets/images/shapes/welcome-ond-shape-2.png]
[qondri-html.vercel.app/assets/images/resources/welcome-one-img-1.jpg]
[qondri-html.vercel.app/assets/images/resources/welcome-one-small-img.jpg]
[qondri-html.vercel.app/assets/images/services/services-1-1.jpg]
[qondri-html.vercel.app/assets/images/services/services-1-2.jpg]
[qondri-html.vercel.app/assets/images/services/services-1-3.jpg]
[qondri-html.vercel.app/assets/images/brand/brand-1-1.png]
[qondri-html.vercel.app/assets/images/brand/brand-1-2.png]
[qondri-html.vercel.app/assets/images/brand/brand-1-3.png]
[qondri-html.vercel.app/assets/images/brand/brand-1-4.png]
[qondri-html.vercel.app/assets/images/brand/brand-1-5.png]
[qondri-html.vercel.app/assets/images/backgrounds/book-one-bg.jpg]
[qondri-html.vercel.app/assets/images/shapes/commercial-shape-1.png]
[qondri-html.vercel.app/assets/images/resources/commercial-img-1.jpg]
[qondri-html.vercel.app/assets/images/shapes/why-choose-one-shape-1.png]
[qondri-html.vercel.app/assets/images/resources/why-choose-one-img-1.jpg]
[qondri-html.vercel.app/assets/images/shapes/how-we-work-shape.png]
[qondri-html.vercel.app/assets/images/testimonial/testimonial-one-conent-img.jpg]
[qondri-html.vercel.app/assets/images/testimonial/testimonial-one-conent-img-2.jpg]
[qondri-html.vercel.app/assets/images/testimonial/testimonial-one-conent-img-3.jpg]
[qondri-html.vercel.app/assets/images/testimonial/testimonials-1-1.jpg]
[qondri-html.vercel.app/assets/images/testimonial/testimonials-1-2.jpg]
[qondri-html.vercel.app/assets/images/testimonial/testimonials-1-3.jpg]
[qondri-html.vercel.app/assets/images/blog/news-1-1.jpg]
[qondri-html.vercel.app/assets/images/blog/news-1-2.jpg]
[qondri-html.vercel.app/assets/images/blog/news-1-3.jpg]
[qondri-html.vercel.app/assets/images/shapes/cta-one-shape.png]
[qondri-html.vercel.app/assets/images/resources/cta-one-car.png]
[qondri-html.vercel.app/assets/images/shapes/site-footer-shape.png]
[qondri-html.vercel.app/assets/images/resources/logo-2.png]
[qondri-html.vercel.app/assets/vendors/jquery/jquery-3.6.0.min.js]
[qondri-html.vercel.app/assets/vendors/bootstrap/js/bootstrap.bundle.min.js]
[qondri-html.vercel.app/assets/vendors/jarallax/jarallax.min.js]
[qondri-html.vercel.app/assets/vendors/jquery-ajaxchimp/jquery.ajaxchimp.min.js]
[qondri-html.vercel.app/assets/vendors/jquery-appear/jquery.appear.min.js]
[qondri-html.vercel.app/assets/vendors/jquery-circle-progress/jquery.circle-progress.min.js]
[qondri-html.vercel.app/assets/vendors/jquery-magnific-popup/jquery.magnific-popup.min.js]
[qondri-html.vercel.app/assets/vendors/jquery-validate/jquery.validate.min.js]
[qondri-html.vercel.app/assets/vendors/nouislider/nouislider.min.js]
[qondri-html.vercel.app/assets/vendors/odometer/odometer.min.js]
[qondri-html.vercel.app/assets/vendors/swiper/swiper.min.js]
[qondri-html.vercel.app/assets/vendors/tiny-slider/tiny-slider.min.js]
[qondri-html.vercel.app/assets/vendors/wnumb/wNumb.min.js]
[qondri-html.vercel.app/assets/vendors/wow/wow.js]
[qondri-html.vercel.app/assets/vendors/isotope/isotope.js]
[qondri-html.vercel.app/assets/vendors/countdown/countdown.min.js]
[qondri-html.vercel.app/assets/vendors/owl-carousel/owl.carousel.min.js]
[qondri-html.vercel.app/assets/vendors/bxslider/jquery.bxslider.min.js]
[qondri-html.vercel.app/assets/vendors/bootstrap-select/js/bootstrap-select.min.js]
[qondri-html.vercel.app/assets/vendors/vegas/vegas.min.js]
[qondri-html.vercel.app/assets/vendors/jquery-ui/jquery-ui.js]
[qondri-html.vercel.app/assets/vendors/timepicker/timePicker.js]
[qondri-html.vercel.app/index.html]
[qondri-html.vercel.app/assets/vendors/bootstrap/css/bootstrap.min.css]
[qondri-html.vercel.app/assets/vendors/animate/animate.min.css]
[qondri-html.vercel.app/assets/vendors/animate/custom-animate.css]
[qondri-html.vercel.app/assets/js/qondri.js]
[qondri-html.vercel.app/assets/vendors/fontawesome/webfonts/fa-brands-400.eot]
[qondri-html.vercel.app/assets/vendors/fontawesome/webfonts/fa-brands-400d41d.eot]
[qondri-html.vercel.app/assets/vendors/fontawesome/webfonts/fa-brands-400.woff2]
[qondri-html.vercel.app/assets/vendors/fontawesome/webfonts/fa-brands-400.woff]
[qondri-html.vercel.app/assets/vendors/fontawesome/webfonts/fa-brands-400.ttf]
[qondri-html.vercel.app/assets/vendors/fontawesome/webfonts/fa-brands-400.svg]
[qondri-html.vercel.app/assets/vendors/fontawesome/webfonts/fa-regular-400.eot]
[qondri-html.vercel.app/assets/vendors/fontawesome/webfonts/fa-regular-400d41d.eot]
[qondri-html.vercel.app/assets/vendors/fontawesome/webfonts/fa-regular-400.woff2]
[qondri-html.vercel.app/assets/vendors/fontawesome/webfonts/fa-regular-400.woff]
[qondri-html.vercel.app/assets/vendors/fontawesome/webfonts/fa-regular-400.ttf]
[qondri-html.vercel.app/assets/vendors/fontawesome/webfonts/fa-regular-400.svg]
[qondri-html.vercel.app/assets/vendors/fontawesome/webfonts/fa-solid-900.eot]
[qondri-html.vercel.app/assets/vendors/fontawesome/webfonts/fa-solid-900d41d.eot]
[qondri-html.vercel.app/assets/vendors/fontawesome/webfonts/fa-solid-900.woff2]
[qondri-html.vercel.app/assets/vendors/fontawesome/webfonts/fa-solid-900.woff]
[qondri-html.vercel.app/assets/vendors/fontawesome/webfonts/fa-solid-900.ttf]
[qondri-html.vercel.app/assets/vendors/fontawesome/css/all.min.css]
[qondri-html.vercel.app/assets/vendors/jarallax/jarallax.css]
[qondri-html.vercel.app/assets/vendors/jquery-magnific-popup/jquery.magnific-popup.css]
[qondri-html.vercel.app/assets/vendors/nouislider/nouislider.min.css]
[qondri-html.vercel.app/assets/vendors/nouislider/nouislider.pips.css]
[qondri-html.vercel.app/assets/vendors/odometer/odometer.min.css]
[qondri-html.vercel.app/assets/vendors/swiper/swiper.min.css]
[qondri-html.vercel.app/assets/vendors/fontawesome/webfonts/fa-solid-900.svg]
[qondri-html.vercel.app/assets/vendors/qondri-icons/fonts/icomoon78ed.eot]
[qondri-html.vercel.app/assets/vendors/qondri-icons/fonts/icomoon78ed.ttf]
[qondri-html.vercel.app/assets/vendors/qondri-icons/fonts/icomoon78ed.woff]
[qondri-html.vercel.app/assets/vendors/qondri-icons/style.css]
[qondri-html.vercel.app/assets/vendors/tiny-slider/tiny-slider.min.css]
[qondri-html.vercel.app/assets/vendors/qondri-icons/fonts/icomoon78ed.svg]
[qondri-html.vercel.app/assets/vendors/reey-font/reey-regular-webfont.woff2]
[qondri-html.vercel.app/assets/vendors/reey-font/reey-regular-webfont.woff]
[qondri-html.vercel.app/assets/vendors/reey-font/stylesheet.css]
[qondri-html.vercel.app/assets/vendors/owl-carousel/owl.video.play.png]
[qondri-html.vercel.app/assets/vendors/owl-carousel/owl.carousel.min.css]
[qondri-html.vercel.app/assets/vendors/owl-carousel/owl.theme.default.min.css]
[qondri-html.vercel.app/assets/vendors/images/icon/bx_loader.gif]
[qondri-html.vercel.app/assets/vendors/img/bx-slider/controls.png]
[qondri-html.vercel.app/assets/vendors/bxslider/jquery.bxslider.css]
[qondri-html.vercel.app/assets/vendors/bootstrap-select/css/bootstrap-select.min.css]
[qondri-html.vercel.app/assets/vendors/vegas/overlays/02.png]
[qondri-html.vercel.app/assets/vendors/vegas/vegas.min.css]
[qondri-html.vercel.app/assets/vendors/jquery-ui/images/ui-bg_highlight-soft_75_cccccc_1x100.png]
[qondri-html.vercel.app/assets/vendors/jquery-ui/images/ui-bg_glass_75_e6e6e6_1x400.png]
[qondri-html.vercel.app/assets/vendors/jquery-ui/images/ui-bg_glass_75_dadada_1x400.png]
[qondri-html.vercel.app/assets/vendors/jquery-ui/images/ui-bg_glass_65_ffffff_1x400.png]
[qondri-html.vercel.app/assets/vendors/jquery-ui/images/ui-bg_glass_55_fbf9ee_1x400.png]
[qondri-html.vercel.app/assets/vendors/jquery-ui/images/ui-bg_glass_95_fef1ec_1x400.png]
[qondri-html.vercel.app/assets/vendors/jquery-ui/images/ui-icons_222222_256x240.png]
[qondri-html.vercel.app/assets/vendors/jquery-ui/images/ui-icons_888888_256x240.png]
[qondri-html.vercel.app/assets/vendors/jquery-ui/images/ui-icons_454545_256x240.png]
[qondri-html.vercel.app/assets/vendors/jquery-ui/images/ui-icons_2e83ff_256x240.png]
[qondri-html.vercel.app/assets/vendors/jquery-ui/images/ui-icons_cd0a0a_256x240.png]
[qondri-html.vercel.app/assets/vendors/jquery-ui/jquery-ui.css]
[qondri-html.vercel.app/assets/vendors/timepicker/images/ui-icons_444444_256x240.png]
[qondri-html.vercel.app/assets/vendors/timepicker/timePicker.css]
[qondri-html.vercel.app/assets/images/icon/section-title-icon.png]
[qondri-html.vercel.app/assets/images/shapes/welcome-one-bdr-shape.png]
[qondri-html.vercel.app/assets/images/shapes/book-one-shape.png]
[qondri-html.vercel.app/assets/images/icon/section-title-icon-2.png]
[qondri-html.vercel.app/assets/images/shapes/how-we-work-dots.png]
[qondri-html.vercel.app/assets/css/qondri.css]
[qondri-html.vercel.app/assets/css/qondri-responsive.css]
[qondri-html.vercel.app/index-2.html]
[qondri-html.vercel.app/assets/images/backgrounds/page-header-bg.jpg]
[qondri-html.vercel.app/contact.html]
[qondri-html.vercel.app/assets/images/backgrounds/main-slider-2-1.jpg]
[qondri-html.vercel.app/assets/images/backgrounds/main-slider-2-2.jpg]
[qondri-html.vercel.app/assets/images/shapes/welcome-two-shape-1.png]
[qondri-html.vercel.app/assets/images/resources/welcome-two-img.jpg]
[qondri-html.vercel.app/assets/images/resources/welcome-two-small-img.jpg]
[qondri-html.vercel.app/assets/images/resources/best-solution-img.jpg]
[qondri-html.vercel.app/assets/images/team/team-1-1.jpg]
[qondri-html.vercel.app/assets/images/team/team-1-2.jpg]
[qondri-html.vercel.app/assets/images/team/team-1-3.jpg]
[qondri-html.vercel.app/assets/images/team/team-1-4.jpg]
[qondri-html.vercel.app/assets/images/shapes/contact-one-shape-1.png]
[qondri-html.vercel.app/assets/images/resources/contact-one-img-1.jpg]
[qondri-html.vercel.app/assets/images/gallery/gallery-1-1.jpg]
[qondri-html.vercel.app/assets/images/gallery/gallery-1-2.jpg]
[qondri-html.vercel.app/assets/images/gallery/gallery-1-3.jpg]
[qondri-html.vercel.app/assets/images/gallery/gallery-1-4.jpg]
[qondri-html.vercel.app/assets/images/shapes/pricing-one-shape.png]
[qondri-html.vercel.app/index2.html]
[qondri-html.vercel.app/assets/images/resources/pricing-one-bottom-img.jpg]
[qondri-html.vercel.app/assets/images/resources/get-to-know-img-1.jpg]
[qondri-html.vercel.app/assets/images/resources/get-to-know-img-2.jpg]
[qondri-html.vercel.app/assets/images/team/team-2-1.jpg]
[qondri-html.vercel.app/assets/images/team/team-2-2.jpg]
[qondri-html.vercel.app/about.html]
[qondri-html.vercel.app/assets/images/team/team-2-3.jpg]
[qondri-html.vercel.app/assets/images/resources/faq-one-img-1.jpg]
[qondri-html.vercel.app/assets/images/resources/faq-one-img-2.jpg]
[qondri-html.vercel.app/prices.html]
[qondri-html.vercel.app/assets/images/gallery/gallery-page-1-1.jpg]
[qondri-html.vercel.app/assets/images/gallery/gallery-page-1-2.jpg]
[qondri-html.vercel.app/assets/images/gallery/gallery-page-1-3.jpg]
[qondri-html.vercel.app/assets/images/gallery/gallery-page-1-4.jpg]
[qondri-html.vercel.app/assets/images/gallery/gallery-page-1-5.jpg]
[qondri-html.vercel.app/assets/images/gallery/gallery-page-1-6.jpg]
[qondri-html.vercel.app/assets/images/gallery/gallery-page-1-7.jpg]
[qondri-html.vercel.app/assets/images/gallery/gallery-page-1-8.jpg]
[qondri-html.vercel.app/assets/images/gallery/gallery-page-1-9.jpg]
[qondri-html.vercel.app/gallery.html]
[qondri-html.vercel.app/assets/images/services/services-1-4.jpg]
[qondri-html.vercel.app/assets/images/services/services-1-5.jpg]
[qondri-html.vercel.app/assets/images/services/services-1-6.jpg]
[qondri-html.vercel.app/services.html]
[qondri-html.vercel.app/assets/images/backgrounds/service-details-need-help-bg.jpg]
[qondri-html.vercel.app/assets/images/services/service-details-img-1.jpg]
[qondri-html.vercel.app/assets/images/services/service-details-benefits-img.jpg]
[qondri-html.vercel.app/dry-cleaning.html]
[qondri-html.vercel.app/assets/images/services/service-details-img-2.jpg]
[qondri-html.vercel.app/steam-iron.html]
[qondri-html.vercel.app/assets/images/services/service-details-img-3.jpg]
[qondri-html.vercel.app/laundry-service.html]
[qondri-html.vercel.app/assets/images/services/service-details-img-4.jpg]
[qondri-html.vercel.app/stain-removal.html]
[qondri-html.vercel.app/assets/images/services/service-details-img-5.jpg]
[qondri-html.vercel.app/curtains-wash.html]
[qondri-html.vercel.app/assets/images/services/service-details-img-6.jpg]
[qondri-html.vercel.app/commercial-laundry.html]
[qondri-html.vercel.app/assets/images/blog/news-1-4.jpg]
[qondri-html.vercel.app/assets/images/blog/news-1-5.jpg]
[qondri-html.vercel.app/assets/images/blog/news-1-6.jpg]
[qondri-html.vercel.app/news.html]
[qondri-html.vercel.app/assets/images/blog/news-details-img-1.jpg]
[qondri-html.vercel.app/assets/images/blog/comment-1-1.jpg]
[qondri-html.vercel.app/assets/images/blog/comment-1-2.jpg]
[qondri-html.vercel.app/assets/images/blog/lp-1-1.jpg]
[qondri-html.vercel.app/assets/images/blog/lp-1-2.jpg]
[qondri-html.vercel.app/assets/images/blog/lp-1-3.jpg]
[qondri-html.vercel.app/news-details.html]
[qondri-html.vercel.app/assets/vendors/fontawesome/webfonts/fa-brands-400.svg]
[qondri-html.vercel.app/assets/vendors/fontawesome/webfonts/fa-regular-400.svg]
[qondri-html.vercel.app/assets/vendors/fontawesome/webfonts/fa-solid-900.svg]
[qondri-html.vercel.app/assets/vendors/qondri-icons/fonts/icomoon78ed.svg]
[qondri-html.vercel.app/assets/vendors/owl-carousel/owl.video.play.html]
[qondri-html.vercel.app/assets/vendors/images/icon/bx_loader.html]
[qondri-html.vercel.app/assets/vendors/img/bx-slider/controls.html]
[qondri-html.vercel.app/assets/vendors/vegas/overlays/02.html]
[qondri-html.vercel.app/assets/vendors/timepicker/images/ui-icons_444444_256x240.html]
